INFO:cimpy.cimimport:START of parsing file "G:\Forschung\Gui\ImportedData\ST_CGMES_SM_Sincal_ODMS_DY.xml"
INFO:cimpy.cimimport:START of parsing file "G:\Forschung\Gui\ImportedData\ST_CGMES_SM_Sincal_ODMS_EQ.xml"
INFO:cimpy.cimimport:START of parsing file "G:\Forschung\Gui\ImportedData\ST_CGMES_SM_Sincal_ODMS_SSH.xml"
INFO:cimpy.cimimport:START of parsing file "G:\Forschung\Gui\ImportedData\ST_CGMES_SM_Sincal_ODMS_SV.xml"
INFO:cimpy.cimimport:START of parsing file "G:\Forschung\Gui\ImportedData\ST_CGMES_SM_Sincal_ODMS_TP.xml"
INFO:cimpy.cimimport:END of parsing file "G:\Forschung\Gui\ImportedData\ST_CGMES_SM_Sincal_ODMS_DY.xml"
INFO:cimpy.cimimport:END of parsing file "G:\Forschung\Gui\ImportedData\ST_CGMES_SM_Sincal_ODMS_EQ.xml"
INFO:cimpy.cimimport:END of parsing file "G:\Forschung\Gui\ImportedData\ST_CGMES_SM_Sincal_ODMS_SSH.xml"
INFO:cimpy.cimimport:END of parsing file "G:\Forschung\Gui\ImportedData\ST_CGMES_SM_Sincal_ODMS_SV.xml"
INFO:cimpy.cimimport:END of parsing file "G:\Forschung\Gui\ImportedData\ST_CGMES_SM_Sincal_ODMS_TP.xml"
WARNING:cimpy.cimimport:'EnergyConsumer' has not attribute 'qfixed' : 2 times
INFO:cimpy.cimimport:CIM object SynchronousMachineTimeConstantReactance created : 2 times
INFO:cimpy.cimimport:CIM object BaseVoltage created : 2 times
INFO:cimpy.cimimport:CIM object ConnectivityNode created : 2 times
INFO:cimpy.cimimport:CIM object ControlArea created : 1 times
INFO:cimpy.cimimport:CIM object ControlAreaGeneratingUnit created : 2 times
INFO:cimpy.cimimport:CIM object EnergyConsumer created : 2 times
INFO:cimpy.cimimport:CIM object GeneratingUnit created : 2 times
INFO:cimpy.cimimport:CIM object GeographicalRegion created : 1 times
INFO:cimpy.cimimport:CIM object LoadResponseCharacteristic created : 2 times
INFO:cimpy.cimimport:CIM object PowerTransformer created : 1 times
INFO:cimpy.cimimport:CIM object PowerTransformerEnd created : 2 times
INFO:cimpy.cimimport:CIM object SubGeographicalRegion created : 1 times
INFO:cimpy.cimimport:CIM object Substation created : 1 times
INFO:cimpy.cimimport:CIM object SynchronousMachine created : 2 times
INFO:cimpy.cimimport:CIM object RegulatingControl created : 1 times
INFO:cimpy.cimimport:CIM object Terminal created : 6 times
INFO:cimpy.cimimport:CIM object VoltageLevel created : 2 times
INFO:cimpy.cimimport:CIM object SvPowerFlow created : 4 times
INFO:cimpy.cimimport:CIM object SvStatus created : 5 times
INFO:cimpy.cimimport:CIM object SvVoltage created : 2 times
INFO:cimpy.cimimport:CIM object TopologicalNode created : 2 times
INFO:cimpy.cimimport:Created totally 45 CIM objects in 0.033910274505615234s


